<?xml version="1.0" encoding="UTF-8"?>
<testng-results ignored="0" total="1" passed="1" failed="0" skipped="0">
  <reporter-output>
  </reporter-output>
  <suite started-at="2024-01-28T23:41:28 IST" name="Default suite" finished-at="2024-01-28T23:41:52 IST" duration-ms="24460">
    <groups>
    </groups>
    <test started-at="2024-01-28T23:41:28 IST" name="Default test" finished-at="2024-01-28T23:41:52 IST" duration-ms="24460">
      <class name="loginTest">
        <test-method signature="f()[pri:0, instance:loginTest@54422e18]" started-at="2024-01-28T23:41:28 IST" name="f" finished-at="2024-01-28T23:41:52 IST" duration-ms="24400" status="PASS">
          <reporter-output>
          </reporter-output>
        </test-method> <!-- f -->
      </class> <!-- loginTest -->
    </test> <!-- Default test -->
  </suite> <!-- Default suite -->
</testng-results>
